31-Mar-24 03:55:10 - INFO - __main__ -- initialize:main     -- adding initial data ...
31-Mar-24 03:55:10 - INFO - __main__ -- initialize:add_initial_data -- ...adding initial data
31-Mar-24 03:55:10 - INFO - __main__ -- initialize:add_initial_data -- adding current ball machine usages ...
31-Mar-24 03:55:10 - INFO - __main__ -- initialize:add_initial_data -- 3 usages found ...
31-Mar-24 03:55:10 - INFO - __main__ -- initialize:main     -- ...initialization complete
31-Mar-24 04:02:10 - INFO - __main__ -- initialize:main     -- initializing db ...
31-Mar-24 04:02:10 - INFO - __main__ -- initialize:init     -- ...creating db
31-Mar-24 04:02:10 - INFO - __main__ -- initialize:main     -- adding initial data ...
31-Mar-24 04:02:10 - INFO - __main__ -- initialize:add_initial_data -- ...adding initial data
31-Mar-24 04:02:10 - INFO - __main__ -- initialize:add_initial_data -- adding current ball machine usages ...
31-Mar-24 04:02:10 - INFO - __main__ -- initialize:add_initial_data -- 3 usages found in file...
31-Mar-24 04:02:10 - INFO - __main__ -- initialize:add_initial_data -- no usages found in db ...
31-Mar-24 04:02:10 - INFO - src.utilities.ball_machine.ball_machine -- ball_machine:add_initial_usage -- adding entry ...
31-Mar-24 04:02:10 - INFO - src.utilities.ball_machine.ball_machine -- ball_machine:add_initial_usage -- adding entry ...
31-Mar-24 04:02:10 - INFO - src.utilities.ball_machine.ball_machine -- ball_machine:add_initial_usage -- adding entry ...
31-Mar-24 04:02:10 - INFO - __main__ -- initialize:main     -- ...initialization complete
31-Mar-24 04:02:54 - INFO - __main__ -- initialize:main     -- initializing db ...
31-Mar-24 04:02:54 - INFO - __main__ -- initialize:init     -- ...creating db
31-Mar-24 04:02:54 - INFO - __main__ -- initialize:main     -- adding initial data ...
31-Mar-24 04:02:54 - INFO - __main__ -- initialize:add_initial_data -- ...adding initial data
31-Mar-24 04:02:54 - INFO - __main__ -- initialize:add_initial_data -- adding current ball machine usages ...
31-Mar-24 04:02:54 - INFO - __main__ -- initialize:add_initial_data -- 3 usages found in file...
31-Mar-24 04:02:54 - INFO - __main__ -- initialize:add_initial_data -- no usages found in db ...
31-Mar-24 04:02:54 - INFO - src.utilities.ball_machine.ball_machine -- ball_machine:add_initial_usage -- adding entry ...
31-Mar-24 04:02:54 - INFO - src.utilities.ball_machine.ball_machine -- ball_machine:add_initial_usage -- adding entry ...
31-Mar-24 04:02:54 - INFO - src.utilities.ball_machine.ball_machine -- ball_machine:add_initial_usage -- adding entry ...
31-Mar-24 04:02:54 - INFO - __main__ -- initialize:main     -- ...initialization complete
31-Mar-24 04:07:41 - INFO - __main__ -- initialize:main     -- initializing db ...
31-Mar-24 04:07:41 - INFO - __main__ -- initialize:init     -- ...creating db
31-Mar-24 04:07:41 - INFO - __main__ -- initialize:main     -- adding initial data ...
31-Mar-24 04:07:41 - INFO - __main__ -- initialize:add_initial_data -- ...adding initial data
31-Mar-24 04:07:41 - INFO - __main__ -- initialize:add_initial_data -- adding current ball machine usages ...
31-Mar-24 04:07:41 - INFO - __main__ -- initialize:add_initial_data -- 3 usages found in file...
31-Mar-24 04:07:41 - INFO - __main__ -- initialize:add_initial_data -- no usages found in db ...
31-Mar-24 04:07:41 - INFO - __main__ -- initialize:add_initial_data -- entry found {'usage_date': '2024-03-05 00:00:00', 'usage_hours': '1'} ...
31-Mar-24 04:07:41 - INFO - src.utilities.ball_machine.ball_machine -- ball_machine:add_initial_usage -- adding entry ...
31-Mar-24 04:07:41 - INFO - __main__ -- initialize:add_initial_data -- entry found {'usage_date': '2024-03-09 00:00:00', 'usage_hours': '1'} ...
31-Mar-24 04:07:41 - INFO - src.utilities.ball_machine.ball_machine -- ball_machine:add_initial_usage -- adding entry ...
31-Mar-24 04:07:41 - INFO - __main__ -- initialize:add_initial_data -- entry found {'usage_date': '2024-03-14 00:00:00', 'usage_hours': '1'} ...
31-Mar-24 04:07:41 - INFO - src.utilities.ball_machine.ball_machine -- ball_machine:add_initial_usage -- adding entry ...
31-Mar-24 04:07:41 - INFO - __main__ -- initialize:main     -- ...initialization complete
31-Mar-24 04:13:09 - INFO - src.routes.ball_machine.ball_machine -- ball_machine:create_ball_machine_usage -- usage: {'usage_date': '2024-03-30', 'usage_hours': 1.0}
31-Mar-24 04:13:09 - INFO - src.utilities.ball_machine.ball_machine -- ball_machine:add_usage -- start
31-Mar-24 04:13:09 - INFO - src.utilities.ball_machine.ball_machine -- ball_machine:add_usage -- about to add usage: {'usage_date': '2024-03-30', 'usage_hours': 1.0}
31-Mar-24 04:13:09 - INFO - src.routes.ball_machine.ball_machine -- ball_machine:create_ball_machine_usage -- True
